/home/rishi/Desktop/File_converter/Converter/authapp/signals.py changed, reloading.
Watching for file changes with StatReloader
/home/rishi/Desktop/File_converter/Converter/authapp/signals.py changed, reloading.
Watching for file changes with StatReloader
/home/rishi/Desktop/File_converter/Converter/authapp/signals.py changed, reloading.
Watching for file changes with StatReloader
/home/rishi/Desktop/File_converter/Converter/authapp/signals.py changed, reloading.
Watching for file changes with StatReloader
/home/rishi/Desktop/File_converter/Converter/authapp/signals.py changed, reloading.
Watching for file changes with StatReloader
/home/rishi/Desktop/File_converter/Converter/authapp/signals.py changed, reloading.
Watching for file changes with StatReloader
/home/rishi/Desktop/File_converter/Converter/authapp/signals.py changed, reloading.
Watching for file changes with StatReloader
/home/rishi/Desktop/File_converter/Converter/authapp/signals.py changed, reloading.
Watching for file changes with StatReloader
Enter Valid Credentials
Enter Valid Credentials
Enter Valid Credentials
Successfuly login
Watching for file changes with StatReloader
Not Found: /favicon.ico
Enter Valid Credentials
Successfuly login
Not Found: /media/
Enter Valid Credentials
Successfuly login
Successfuly login
